\BOOKMARK [0][-]{chapter.1}{\332vod}{}% 1
\BOOKMARK [1][-]{section.1.1}{C\355l pr\341ce}{chapter.1}% 2
\BOOKMARK [1][-]{section.1.2}{Motivace}{chapter.1}% 3
\BOOKMARK [0][-]{chapter.2}{N\341vrh syst\351mu}{}% 4
\BOOKMARK [1][-]{section.2.1}{Volba vizu\341ln\355 znacky}{chapter.2}% 5
\BOOKMARK [1][-]{section.2.2}{Volba souradnicov\351ho syst\351mu}{chapter.2}% 6
\BOOKMARK [1][-]{section.2.3}{Implementacn\355 z\341le\236itosti}{chapter.2}% 7
\BOOKMARK [0][-]{chapter.3}{Detekce}{}% 8
\BOOKMARK [1][-]{section.3.1}{Zpracov\341n\355 obrazu z kamery}{chapter.3}% 9
\BOOKMARK [1][-]{section.3.2}{Rozpozn\341v\341n\355 vzoru}{chapter.3}% 10
\BOOKMARK [2][-]{subsection.3.2.1}{Korelacn\355 algoritmus}{section.3.2}% 11
\BOOKMARK [2][-]{subsection.3.2.2}{ArUco marker detektor}{section.3.2}% 12
\BOOKMARK [1][-]{section.3.3}{Meren\355 polohy c\355le}{chapter.3}% 13
\BOOKMARK [1][-]{section.3.4}{Kalmanuv filtr}{chapter.3}% 14
\BOOKMARK [0][-]{chapter.4}{R\355zen\355 robotu}{}% 15
\BOOKMARK [1][-]{section.4.1}{Obstacle avoidance}{chapter.4}% 16
\BOOKMARK [2][-]{subsection.4.1.1}{Vector Field Histogram}{section.4.1}% 17
\BOOKMARK [1][-]{section.4.2}{PID regul\341tor}{chapter.4}% 18
\BOOKMARK [0][-]{chapter.5}{Simulace}{}% 19
\BOOKMARK [1][-]{section.5.1}{Porovn\341n\355 algoritmu detekce}{chapter.5}% 20
\BOOKMARK [0][-]{chapter.6}{Z\341ver}{}% 21
